           1   0.0000000000000000        13088.500000000002        176076407900.34003        1425339478725.2205     
           1   23.435585623900323        13088.372815811352        176068173537.56738        1425308015952.3909     
           1   67.861111111111114        13087.500514798485        176014442911.28629        1425081012317.8840     
           1   112.28663659832188        13085.754074544453        175906790233.71857        1424635961349.5149     
           1   135.72222222222223        13084.486797325719        175828653837.79449        1424309178583.8435     
           2   135.72222222222223        13084.486797325719        175828653837.79449        1424309178583.8435     
           2   159.15780784612255        13082.984555629724        175735668401.97556        1423922620899.0115     
           2   203.58333333333331        13079.472908390444        175519345548.48849        1423022241038.6165     
           2   248.00885882054411        13075.107052879923        175250328526.95041        1421904214646.0974     
           2   271.44444444444446        13072.457902118027        175086981090.19031        1421224163295.3167     
           3   271.44444444444446        13072.457902118027        175086981090.19031        1421224163295.3167     
           3   294.88003006834475        13069.567773951507        174909191858.16861        1420482924304.3518     
           3   339.30555555555549        13063.427651670785        174531980701.79733        1418911789433.8535     
           3   383.73108104276633        13056.436468606567        174102959645.32187        1417121008059.0254     
           3   407.16666666666663        13052.400059138250        173855349878.54865        1416089910468.2388     
           4   407.16666666666663        13052.400059138250        173855349878.54865        1416089910468.2388     
           4   430.60225229056698        13048.122271078752        173593584085.42941        1414994811076.2129     
           4   475.02777777777771        13039.366722279536        173058767922.86954        1412755619974.2544     
           4   519.45330326498856        13029.747558874267        172471590306.72055        1410301365933.7134     
           4   542.88888888888891        13024.323933789949        172141407072.27853        1408917660089.7974     
           5   542.88888888888891        13024.323933789949        172141407072.27853        1408917660089.7974     
           5   566.32447451278915        13018.661181488460        171796499768.70038        1407476059459.4622     
           5   610.75000000000000        13007.279172571963        171105570753.76300        1404576063875.6348     
           5   655.17552548721073        12995.030484396777        170364239560.85822        1401458956387.5818     
           5   678.61111111111097        12988.227188712430        169953356982.14420        1399729860428.5696     
           6   678.61111111111097        12988.227188712430        169953356982.14420        1399729860428.5696     
           6   702.04669673501144        12981.184986167009        169528214644.85474        1397942142178.9863     
           6   746.47222222222217        12967.173250099429        168685062906.60172        1394387928900.5491     
           6   790.89774770943302        12952.298212857058        167792823792.53506        1390620646622.7856     
           6   814.33333333333326        12944.109881826744        167303023973.12857        1388549873862.3308     
           7   814.33333333333326        12944.109881826744        167303023973.12857        1388549873862.3308     
           7   837.76891895723350        12935.680397748574        166799479640.58752        1386420286797.2629     
           7   882.19444444444423        12919.039484919716        165809079350.35831        1382220631818.7441     
           7   926.61996993165508        12901.539308269035        164771371005.15787        1377810915714.6514     
           7   950.05555555555543        12891.964719979518        164205343841.64816        1375401836165.6541     
           8   950.05555555555543        12891.964719979518        164205343841.64816        1375401836165.6541     
           8   973.49114117945567        12882.147882131845        163626182580.66595        1372936114976.2200     
           8   1017.9166666666665        12862.882911180748        162494507088.86511        1368103315308.1782     
           8   1062.3421921538772        12842.763393600735        161316649835.10800        1363066129277.6592     
           8   1085.7777777777778        12831.801156846472        160677924397.40573        1360326275845.1633     
           9   1085.7777777777778        12831.801156846472        160677924397.40573        1360326275845.1633     
           9   1109.2133634016780        12820.597484755397        160027086825.12170        1357529890147.8550     
           9   1153.6388888888887        12798.706828100703        158758875894.53723        1352074973476.4875     
           9   1198.0644143760996        12775.948328797098        157447778832.86136        1346416223601.7253     
           9   1221.5000000000000        12763.610000000001        156739537711.79572        1343356344698.0278     
          10   1221.5000000000000        12166.330000000000        0.0000000000000000        1304728625625.1714     
          10   1244.4401377854717        12154.455480562889        0.0000000000000000        1300100474260.1687     
          10   1287.9264705882351        12131.486956012124        0.0000000000000000        1291252543849.7920     
          10   1331.4128033909988        12107.859124233324        0.0000000000000000        1282294678633.7480     
          10   1354.3529411764705        12095.125756219553        0.0000000000000000        1277523141718.0527     
          11   1354.3529411764705        12095.125756219553        0.0000000000000000        1277523141718.0527     
          11   1377.2930789619420        12082.199515726332        0.0000000000000000        1272718458303.3450     
          11   1420.7794117647059        12057.197199426901        0.0000000000000000        1263520236469.2957     
          11   1464.2657445674695        12031.510139841375        0.0000000000000000        1254197216460.6714     
          11   1487.2058823529410        12017.675323790025        0.0000000000000000        1249226531146.0083     
          12   1487.2058823529412        12017.675323790027        0.0000000000000000        1249226531146.0083     
          12   1510.1460201384130        12003.650258217980        0.0000000000000000        1244219704962.5449     
          12   1553.6323529411766        11976.526859614934        0.0000000000000000        1234624105880.0371     
          12   1597.1186857439402        11948.682347472935        0.0000000000000000        1224888630900.5603     
          12   1620.0588235294117        11933.704542688520        0.0000000000000000        1219695303739.1365     
          13   1620.0588235294117        11933.704542688520        0.0000000000000000        1219695303739.1365     
          13   1642.9989613148830        11918.520418376616        0.0000000000000000        1214460173735.7939     
          13   1686.4852941176471        11889.163369739856        0.0000000000000000        1204422634093.6079     
          13   1729.9716269204109        11859.070774318658        0.0000000000000000        1194234427939.5564     
          13   1752.9117647058824        11842.891907606561        0.0000000000000000        1188797763977.2700     
          14   1752.9117647058824        11842.891907606561        0.0000000000000000        1188797763977.2700     
          14   1775.8519024913539        11826.491964089615        0.0000000000000000        1183315135376.4978     
          14   1819.3382352941180        11794.825196806167        0.0000000000000000        1172799651383.7673     
          14   1862.8245680968816        11762.371966700461        0.0000000000000000        1162121499664.9170     
          14   1885.7647058823529        11744.934973674544        0.0000000000000000        1156422118083.2520     
          15   1885.7647058823529        11744.934973674544        0.0000000000000000        1156422118083.2520     
          15   1908.7048436678244        11727.281422890028        0.0000000000000000        1150674959981.6433     
          15   1952.1911764705883        11693.192526515313        0.0000000000000000        1139652979927.4211     
          15   1995.6775092733524        11658.294772424435        0.0000000000000000        1128455398178.0791     
          15   2018.6176470588239        11639.551996307515        0.0000000000000000        1122479809992.3872     
          16   2018.6176470588234        11639.551996307515        0.0000000000000000        1122479809992.3872     
          16   2041.5577848442949        11620.574953705665        0.0000000000000000        1116453689651.3870     
          16   2085.0441176470586        11583.972523840492        0.0000000000000000        1104896792137.5547     
          16   2128.5304504498226        11546.526218868834        0.0000000000000000        1093161407872.8153     
          16   2151.4705882352941        11526.425511761523        0.0000000000000000        1086898530490.0182     
          17   2151.4705882352941        11526.425511761523        0.0000000000000000        1086898530490.0182     
          17   2174.4107260207657        11506.085866437290        0.0000000000000000        1080583256402.6783     
          17   2217.8970588235297        11466.870824433097        0.0000000000000000        1068477885657.8341     
          17   2261.3833916262934        11426.769048058870        0.0000000000000000        1056186362825.3931     
          17   2284.3235294117649        11405.257611171666        0.0000000000000000        1049628597056.0320     
          18   2284.3235294117649        11405.257611171666        0.0000000000000000        1049628597056.0320     
          18   2307.2636671972364        11383.500596033895        0.0000000000000000        1043020863799.7168     
          18   2350.7500000000000        11341.570324939667        0.0000000000000000        1030355081878.9193     
          18   2394.2363328027641        11298.735010312066        0.0000000000000000        1017506171392.5072     
          18   2417.1764705882356        11275.762189382520        0.0000000000000000        1010653188530.4175     
          19   2417.1764705882351        11275.762189382520        0.0000000000000000        1010653188530.4176     
          19   2440.1166083737066        11252.534289596393        0.0000000000000000        1003749788139.0149     
          19   2483.6029411764703        11207.788342694195        0.0000000000000000        990523944419.66516     
          19   2527.0892739792343        11162.100030413560        0.0000000000000000        977117076030.44922     
          19   2550.0294117647059        11137.615722077209        0.0000000000000000        969971397882.05188     
          20   2550.0294117647059        11137.615722077209        0.0000000000000000        969971397882.05188     
          20   2572.9695495501774        11112.866881185142        0.0000000000000000        962776538120.15747     
          20   2616.4558823529410        11065.214222967546        0.0000000000000000        949001488648.60120     
          20   2659.9422151557055        11016.588088387318        0.0000000000000000        935048426967.70679     
          20   2682.8823529411766        10990.537629476104        0.0000000000000000        927618078434.10071     
          21   2682.8823529411766        10990.537629476104        0.0000000000000000        927618078434.10071     
          21   2705.8224907266481        10964.210681312497        0.0000000000000000        920138745937.68396     
          21   2749.3088235294117        10913.549274000690        0.0000000000000000        905832328133.32190     
          21   2792.7951563321758        10861.877645081653        0.0000000000000000        891356512483.66785     
          21   2815.7352941176473        10834.206979686011        0.0000000000000000        883653125413.10718     
          22   2815.7352941176468        10834.206979686011        0.0000000000000000        883653125413.10742     
          22   2838.6754319031184        10806.256487617802        0.0000000000000000        875905664111.02136     
          22   2882.1617647058820        10752.487623175055        0.0000000000000000        861096198717.62891     
          22   2925.6480975086461        10697.677860440728        0.0000000000000000        846129958840.29272     
          22   2948.5882352941176        10668.341469623554        0.0000000000000000        838173890521.33630     
          23   2948.5882352941176        10668.341469623554        0.0000000000000000        838173890521.33630     
          23   2971.5283730795891        10638.718809421363        0.0000000000000000        830176551730.86414     
          23   3015.0147058823532        10581.734342352982        0.0000000000000000        814902872248.03345     
          23   3058.5010386851168        10523.686587510947        0.0000000000000000        799489424570.66833     
          23   3081.4411764705883        10492.630482212258        0.0000000000000000        791303954524.16357     
          24   3081.4411764705883        10492.630482212258        0.0000000000000000        791303954524.16357     
          24   3104.3813142560598        10461.273914682191        0.0000000000000000        783081579074.56555     
          24   3147.8676470588234        10400.991650443930        0.0000000000000000        767396037561.84143     
          24   3191.3539798615875        10339.608416991307        0.0000000000000000        751590069518.12659     
          24   3214.2941176470590        10306.780135680885        0.0000000000000000        743204181506.57544     
          25   3214.2941176470590        10306.780135680885        0.0000000000000000        743204181506.57544     
          25   3237.2342554325305        10273.639925352580        0.0000000000000000        734787528131.05164     
          25   3280.7205882352941        10209.952767308783        0.0000000000000000        718752620198.68433     
          25   3324.2069210380578        10145.137305169454        0.0000000000000000        702618094035.45093     
          25   3347.1470588235293        10110.479933965016        0.0000000000000000        694069030043.56360     
          26   3347.1470588235293        10110.479933965016        0.0000000000000000        694069030043.56360     
          26   3370.0871966090008        10075.505234667007        0.0000000000000000        685495505662.81299     
          26   3413.5735294117644        10008.324692119490        0.0000000000000000        669183959442.54236     
          26   3457.0598622145280        9939.9551552294488        0.0000000000000000        652796648103.37622     
          26   3479.9999999999995        9903.4400000000023        0.0000000000000000        644128034148.43005     
          27   3480.0000000000000        5566.4599999999991        293770703703.06128        655611042474.47205     
          27   3505.9009746969023        5553.4735055906021        293106247638.39349        653086750481.62012     
          27   3555.0000000000000        5528.9136184210520        291847219624.13519        648343551956.00720     
          27   3604.0990253030982        5504.3948799465370        290585728902.58539        643651325353.53625     
          27   3630.0000000000000        5491.4799999999996        289918952618.20160        641196252957.04736     
          28   3630.0000000000000        5491.4799999999996        289915760552.67303        641197504012.10913     
          28   3652.6777422901764        5480.1743624441206        288492229561.17126        636862893362.51001     
          28   3695.6666666666670        5458.7554682840919        285814631133.63757        628740689440.26147     
          28   3738.6555910431575        5437.3615185568469        283164314701.72894        620745023727.96179     
          28   3761.3333333333335        5426.0723889419296        281776253386.85449        616575044099.63025     
          29   3761.3333333333335        5426.0723889419296        281776253386.85449        616575044099.63025     
          29   3784.0110756235099        5414.7966409676828        280394702156.57812        612438068842.24402     
          29   3827.0000000000005        5393.4076271084768        277792623524.94202        604677211887.07385     
          29   3869.9889243764910        5372.0175274623753        275211738863.94611        597019121734.48230     
          29   3892.6666666666670        5360.7351495929224        273858162854.07159        593018694959.89514     
          30   3892.6666666666670        5360.7351495929224        273858162854.07159        593018694959.89514     
          30   3915.3444089568434        5349.4504790439105        272509512595.58124        589044289764.18115     
          30   3958.3333333333339        5328.0332372844750        269965854918.74808        581573802077.28979     
          30   4001.3222577098240        5306.6109178362904        267438683822.76456        574188003568.88000     
          30   4024.0000000000005        5295.2987228150150        266110895391.44962        570322406632.79858     
          31   4024.0000000000005        5295.2987228150150        266110895391.44962        570322406632.79858     
          31   4046.6777422901769        5283.9752189468663        264786817226.02356        566476668964.85962     
          31   4089.6666666666670        5262.4872517963140        262286385677.05020        559237734047.19104     
          31   4132.6555910431571        5240.9633090022871        259797017892.21420        552060270426.73767     
          31   4155.3333333333339        5229.5917599905570        258487576545.01712        548298505754.26587     
          32   4155.3333333333339        5229.5917599905570        258487576545.01712        548298505754.26587     
          32   4178.0110756235099        5218.2068746758823        257180457725.79285        544551624547.89398     
          32   4221.0000000000009        5196.5900824009987        254708753992.84811        537486029958.27374     
          32   4263.9889243764910        5174.9146954639682        252242862109.80942        530464668229.82587     
          32   4286.6666666666670        5163.4642794636402        250944844609.43228        526778148192.33350     
          33   4286.6666666666670        5163.4642794636402        250944844609.43231        526778148192.33362     
          33   4309.3444089568429        5151.9912014144038        249647755477.10162        523102057216.96246     
          33   4352.3333333333330        5130.1843155653814        247191001842.64139        516157186629.66241     
          33   4395.3222577098231        5108.3129964321097        244737119856.68973        509243627793.41016     
          33   4418.0000000000000        5096.7449178837851        243442952370.09396        505606274844.81000     
          34   4418.0000000000000        5096.7449178837851        243442952370.09396        505606274844.81000     
          34   4440.6777422901769        5085.1587891137242        242149250411.99460        501976221536.14386     
          34   4483.6666666666670        5063.1172353031943        239695997720.96899        495107483280.39001     
          34   4526.6555910431571        5040.9930559593950        237242319196.37180        488255246963.72510     
          34   4549.3333333333339        5029.2854185487040        235946815365.91962        484645907057.83429     
          35   4549.3333333333339        5029.2854185487040        235946815365.91962        484645907057.83429     
          35   4572.0110756235099        5017.5458275918918        234650279594.84720        481037643465.39020     
          35   4615.0000000000000        4995.2200000000003        232189798343.10486        474204539502.91528     
          35   4657.9889243764901        4972.7868513530366        229724293511.25443        467375373535.26086     
          35   4680.6666666666670        4960.9091343082546        228422060791.31952        463772281727.06396     
          36   4680.6666666666670        4960.9091343082546        228422060791.31952        463772281727.06396     
          36   4703.3444089568438        4949.0015402938598        227118109564.92535        460168973440.57172     
          36   4746.3333333333339        4926.3312013811610        224640319489.15112        453334602860.20801     
          36   4789.3222577098240        4903.5406318139130        222155328776.31042        446493840110.72620     
          36   4812.0000000000000        4891.4627831577118        220840832616.36130        442880409051.95709     
          37   4812.0000000000000        4891.4627831577118        220840832616.36130        442880409051.95709     
          37   4834.6777422901769        4879.3560159479339        219524104887.14719        439265354147.30475     
          37   4877.6666666666670        4856.2920544378703        217020924010.77502        432400166321.10046     
          37   4920.6555910431571        4833.0885563434758        214507968395.22876        425519272695.06763     
          37   4943.3333333333339        4820.7898012111336        213177701623.62048        421882367173.47369     
          38   4943.3333333333339        4820.7898012111336        213177701623.62048        421882367173.47369     
          38   4966.0110756235108        4808.4449385187909        211844343929.14203        418238958796.70831     
          38   5009.0000000000009        4784.9304208290914        209308293325.30365        411318710559.89050     
          38   5051.9889243764910        4761.2587082188256        206760429891.64566        404374416366.55658     
          38   5074.6666666666670        4748.7096000888532        205411323699.90854        400702120421.67865     
          39   5074.6666666666670        4748.7096000888541        205411323699.90860        400702120421.67877     
          39   5097.3444089568429        4736.1109420759431        204058557709.27789        397021963455.53937     
          39   5140.3333333333330        4712.0918606050845        201483306143.57040        390025757093.09912     
          39   5183.3222577098231        4687.9105812126809        198895459118.49371        383002557363.55109     
          39   5206.0000000000000        4675.0768823876142        197524195858.82138        379285675933.02643     
          40   5206.0000000000000        4675.0768823876142        197524195858.82138        379285675933.02643     
          40   5228.6777422901769        4662.1891541700024        196148718126.07779        375560584590.31311     
          40   5271.6666666666670        4637.6220967822510        193531097833.88669        368477157933.57935     
          40   5314.6555910431571        4612.8594779202767        190897764953.44147        361362342712.52539     
          40   5337.3333333333330        4599.7228340484844        189502919067.80032        357597876865.60175     
          41   5337.3333333333330        4599.7228340484844        189502919067.80032        357597876865.60175     
          41   5360.0110756235099        4586.5261095498372        188103829428.05481        353823482330.09540     
          41   5403.0000000000000        4561.3495350201147        185439760227.58392        346644587403.21075     
          41   5445.9889243764901        4535.9593303432403        182759712211.24088        339434580469.85742     
          41   5468.6666666666670        4522.4837633936540        181339554075.97360        335618779694.71417     
          42   5468.6666666666670        4522.4837633936540        181339554075.97360        335618779694.71417     
          42   5491.3444089568438        4508.9482936470004        179915030405.26407        331794775045.38538     
          42   5534.3333333333339        4483.1091503095950        177202826885.54843        324520416405.56445     
          42   5577.3222577098240        4457.0417562107659        174474451545.02921        317216403482.81586     
          42   5600.0000000000000        4443.1999999999998        173029170938.85077        313352202344.31689     
          43   5600.0000000000000        4443.1999999999998        173037489229.07715        313342094623.71594     
          43   5617.4399896292471        4432.5071046091334        169811751747.10205        311030863377.01746     
          43   5650.5000000000000        4412.1400000000003        163788395747.73767        306643564448.85956     
          43   5683.5600103707529        4391.6174363367118        157895729660.25751        302248195028.22723     
          43   5701.0000000000000        4380.7399999999998        154835374722.35251        299926432987.73138     
          44   5701.0000000000000        3992.1199999999994        123864463129.58049        255593861707.31772     
          44   5703.4174243050438        3991.5577564672726        123763966241.23941        255362370028.64044     
          44   5708.0000000000000        3990.4918655103338        123573477070.15114        254923596909.03647     
          44   5712.5825756949562        3989.4257485138032        123383037955.20641        254484977579.74844     
          44   5715.0000000000000        3988.8632035949531        123282607808.39009        254253690954.82602     
          45   5715.0000000000000        3988.8632035949531        123282607808.39009        254253690954.82602     
          45   5717.4174243050438        3988.3005328702093        123182205521.10834        254022489924.32468     
          45   5722.0000000000000        3987.2334868281423        122991972141.96564        253584502688.75754     
          45   5726.5825756949562        3986.1657714196886        122801888704.69949        253146975045.07428     
          45   5729.0000000000000        3985.6022659358437        122701684845.60342        252916375069.31436     
          46   5729.0000000000000        3985.6022659358437        122701684845.60342        252916375069.31436     
          46   5731.4174243050438        3985.0386346514970        122601533448.97215        252685920709.21872     
          46   5735.9999999999991        3983.9700000000007        122411837181.38351        252249466416.93320     
          46   5740.5825756949553        3982.9013653485035        122222361939.52469        251813551345.21692     
          46   5742.9999999999991        3982.3377340641573        122122505243.86658        251583815945.88034     
          47   5743.0000000000000        3982.3377340641568        122122505243.86655        251583815945.88025     
          47   5745.4174243050438        3981.7742285803120        122022719101.09253        251354235042.57465     
          47   5750.0000000000000        3980.7065131718582        121833763218.30562        250919458212.42160     
          47   5754.5825756949562        3979.6394671297908        121645053533.91631        250485188225.30737     
          47   5757.0000000000000        3979.0767964050478        121545585859.72534        250256267303.11392     
          48   5757.0000000000000        3979.0767964050478        121545585859.72534        250256267303.11392     
          48   5759.4174243050438        3978.5142514861973        121446164136.26357        250027440856.08878     
          48   5764.0000000000000        3977.4481344896667        121257793786.69319        249593868544.82739     
          48   5768.5825756949562        3976.3822435327279        121069505998.31172        249160465980.21344     
          48   5771.0000000000000        3975.8200000000002        120970194356.43513        248931865862.05157     
          49   5771.0000000000000        3975.8200000000002        120966246862.16473        248942783166.77780     
          49   5777.9069265858398        3967.1146195462015        119826436713.76254        246735882866.99716     
          49   5791.0000000000000        3950.6124572828576        117673456326.95778        242566529861.64224     
          49   5804.0930734141593        3934.1106957463212        115542809442.81161        238438233772.89185     
          49   5811.0000000000000        3925.4057671184682        114430987688.43295        236282777713.80069     
          50   5811.0000000000000        3925.4057671184682        114430987688.43295        236282777713.80069     
          50   5817.9069265858398        3916.7008535785803        113327083963.80733        234141856689.19318     
          50   5830.9999999999991        3900.1991650439463        111254036248.09828        230119288318.66867     
          50   5844.0930734141593        3883.6969948330134        109204589213.95558        226139906312.52505     
          50   5850.9999999999991        3874.9916830055695        108133108254.07747        224058329487.96469     
          51   5851.0000000000000        3874.9916830055686        108133108254.07736        224058329487.96448     
          51   5857.9069265858407        3866.2865025028932        107068468139.85153        221989249220.69437     
          51   5871.0000000000000        3849.7850000000003        105069311142.42827        218101739193.17770     
          51   5884.0930734141593        3833.2834974971070        103094968827.56947        214259515233.74438     
          51   5891.0000000000000        3824.5783169944311        102063386814.38815        212250770245.00391     
          52   5891.0000000000000        3824.5783169944311        102063386814.38815        212250770245.00391     
          52   5897.9069265858407        3815.8730051669882        101038527983.42909        210254328404.57855     
          52   5911.0000000000000        3799.3708349560552        99113624967.567749        206502654529.71771     
          52   5924.0930734141593        3782.8691464214212        97211532994.374039        202793196618.92496     
          52   5931.0000000000000        3774.1642328815333        96217959004.360001        200854524450.47839     
          53   5931.0000000000000        3774.1642328815328        96217959004.359909        200854524450.47818     
          53   5937.9069265858407        3765.4593042536790        95231836622.728302        198929563614.77304     
          53   5951.0000000000000        3748.9575427171430        93383978291.278992        195319915705.84995     
          53   5964.0930734141602        3732.4553804538000        91556883469.494934        191748303881.70920     
          53   5971.0000000000000        3723.7500000000000        90596817738.372360        189871099657.13556     
          54   5971.0000000000000        3543.2600000000002        80616060219.392609        173504128543.61237     
          54   5977.2162339272563        3539.5496329444672        80385192152.083954        172766842190.01199     
          54   5989.0000000000000        3532.5154030769231        79947945991.588638        171371004021.25504     
          54   6000.7837660727446        3525.4791437588287        79511860352.912460        169980404344.30185     
          54   6007.0000000000000        3521.7661661538459        79282519598.127747        169250012319.76105     
          55   6007.0000000000000        3521.7661661538459        79282519598.127747        169250012319.76105     
          55   6013.2162339272563        3518.0526733324714        79053695622.496185        168521954128.69949     
          55   6025.0000000000009        3511.0133723076920        78621265879.256561        167147866659.26471     
          55   6036.7837660727446        3503.9766860407531        78190464493.554428        165781145663.32303     
          55   6043.0000000000000        3500.2658430769225        77963830400.105942        165062993017.68805     
          56   6043.0000000000000        3500.2658430769225        77963830400.105942        165062993017.68805     
          56   6049.2162339272563        3496.5552180911477        77737625074.357681        164346781571.69739     
          56   6061.0000000000000        3489.5200000000000        77309993203.247192        162994409999.44031     
          56   6072.7837660727446        3482.4814734782663        76883892338.878738        161648954387.12057     
          56   6079.0000000000000        3478.7678430769220        76659730350.131241        160941953391.07657     
          57   6079.0000000000000        3478.7678430769220        76659730350.131241        160941953391.07657     
          57   6085.2162339272563        3475.0544306536326        76435994930.789734        160236842838.13458     
          57   6097.0000000000009        3468.0173723076914        76013047239.744064        158905367874.54993     
          57   6108.7837660727446        3460.9829287195907        75591709525.323410        157581040024.86893     
          57   6115.0000000000000        3457.2721661538462        75370138845.508804        156885578290.86716     
          58   6115.0000000000000        3457.2721661538462        75370138845.508804        156885578290.86716     
          58   6121.2162339272563        3453.5608883717100        75149075583.064743        156192453964.91492     
          58   6133.0000000000000        3446.5234030769234        74731329078.611191        154884630976.93994     
          58   6144.7837660727446        3439.4838883315879        74314719839.845657        153582101713.09875     
          58   6151.0000000000000        3435.7700000000000        74095153437.901703        152895941141.21426     
          59   6151.0000000000000        3359.4900000000002        65598563263.837906        126984383819.25854     
          59   6154.4534632929208        3359.8730918139245        65642556032.389961        127070337915.16093     
          59   6161.0000000000000        3360.5966072514630        65725670115.894623        127232580565.19476     
          59   6167.5465367070801        3361.3122681905979        65807965122.025330        127392791996.24950     
          59   6171.0000000000000        3361.6848873399881        65850865787.412079        127476037800.17978     
          60   6171.0000000000000        3361.6848873399881        65850865787.412079        127476037800.17978     
          60   6174.4534632929208        3362.0531349446619        65893310582.394043        127558153097.21574     
          60   6181.0000000000000        3362.7366633642578        65972256982.359856        127710049674.25632     
          60   6187.5465367070801        3363.4080531895661        66050105970.118431        127858411953.98688     
          60   6191.0000000000000        3363.7656138860466        66091741920.574486        127937046468.16451     
          61   6191.0000000000000        3363.7656138860466        66091741920.574486        127937046468.16451     
          61   6194.4534632929199        3364.1305602263701        66134385811.876274        128017033061.48801     
          61   6201.0000000000000        3364.8564912126153        66219678194.558060        128175380112.73845     
          61   6207.5465367070801        3365.6493936486399        66313520576.010864        128347371527.52823     
          61   6211.0000000000000        3366.0987685594582        66366973286.229095        128444508965.32927     
          62   6211.0000000000000        3366.0987685594582        66366973286.229095        128444508965.32927     
          62   6214.4534632929199        3366.5561426415297        66421517712.456200        128543203268.01883     
          62   6221.0000000000000        3367.3915935430459        66521414970.659111        128723155161.42839     
          62   6227.5465367070801        3368.0995254024137        66606269822.103813        128875387777.39763     
          62   6231.0000000000000        3368.3868740949547        66640757705.986618        128937123043.50014     
          63   6231.0000000000000        3368.3868740949547        66640757705.986618        128937123043.50014     
          63   6234.4534632929199        3368.5952508861760        66665781785.610909        128981873844.55167     
          63   6241.0000000000000        3368.7513009992904        66684525558.114532        129015382557.28011     
          63   6247.5465367070792        3368.6909445549500        66677275911.252243        129002422196.07428     
          63   6251.0000000000000        3368.6199999999999        66668754485.316666        128987188246.03342     
          64   6251.0000000000000        3371.6599999999994        67039004899.944023        129629556986.82692     
          64   6252.3813853171669        3371.6377282497037        67036250859.261024        129624953992.14044     
          64   6255.0000000000000        3371.6019047619034        67031821061.804718        129617550203.85243     
          64   6257.6186146828331        3371.5847547434928        67029700355.178902        129614005738.66338     
          64   6259.0000000000000        3371.5873809523800        67030025102.269890        129614548508.10880     
          65   6259.0000000000000        3371.5873809523800        67030025102.269890        129614548508.10880     
          65   6260.3813853171678        3371.6004001745773        67031635010.207802        129617239244.57095     
          65   6263.0000000000009        3371.6599999999994        67039004899.944038        129629556986.82695     
          65   6265.6186146828331        3371.7727096013750        67052942144.364998        129652851145.99086     
          65   6267.0000000000009        3371.8529591836732        67062865505.192444        129669436658.84930     
          66   6267.0000000000000        3371.8529591836732        67062865505.192429        129669436658.84933     
          66   6268.3813853171678        3371.9465712116539        67074441215.680199        129688783843.58633     
          66   6271.0000000000000        3372.1579591836726        67100580655.423790        129732472269.46532     
          66   6273.6186146828331        3372.4093617329513        67131668146.947006        129784430673.41345     
          66   6275.0000000000000        3372.5563265306118        67149841259.807602        129814804495.57603     
          67   6275.0000000000000        3372.5563265306118        67149841259.807602        129814804495.57603     
          67   6276.3813853171678        3372.7121996253941        67169115939.108459        129847019432.32437     
          67   6279.0000000000000        3373.0293877551017        67208338227.513397        129912574014.08255     
          67   6281.6186146828331        3373.3705846311645        67250529346.986122        129983090582.68221     
          67   6283.0000000000009        3373.5584693877549        67273762467.710670        130021921501.88585     
          68   6283.0000000000000        3373.5584693877549        67273762467.710640        130021921501.88583     
          68   6284.3813853171678        3373.7508082929066        67297546371.655319        130061672978.38235     
          68   6287.0000000000000        3374.1248979591833        67343804889.568886        130138987635.88701     
          68   6289.6186146828331        3374.5069905409132        67391053017.838425        130217956289.00552     
          68   6291.0000000000000        3374.7100000000000        67416156402.257629        130259913092.98715     
          69   6291.0000000000000        3374.7100000000000        67416156402.257629        130259913092.98715     
          69   6292.9201255908638        3374.9185891828920        67442373005.279160        130302477535.52547     
          69   6296.5600000000004        3375.3139999999999        67492081919.765686        130383142986.43892     
          69   6300.1998744091361        3375.7094108171073        67541824615.226097        130463745443.41972     
          69   6302.1199999999999        3375.9179999999997        67568086259.546181        130506225894.04796     
          70   6302.1199999999999        3375.9179999999997        67568086259.546181        130506225894.04796     
          70   6304.0401255908637        3376.1265891828930        67594366705.198982        130548671284.41147     
          70   6307.6800000000003        3376.5219999999995        67644248243.871559        130629014829.97157     
          70   6311.3198744091360        3376.9174108171073        67694231125.465881        130709169393.73395     
          70   6313.2399999999998        3377.1260000000002        67720646695.014328        130751362808.36710     
          71   6313.2399999999998        3377.1260000000002        67720646695.014328        130751362808.36710     
          71   6315.1601255908636        3377.3345891828926        67747099867.228249        130793486102.47083     
          71   6318.8000000000002        3377.7299999999996        67797360435.246887        130873122843.39178     
          71   6322.4398744091368        3378.1254108171079        67847782536.522202        130952458361.05284     
          71   6324.3599999999997        3378.3339999999998        67874442012.750900        130994196944.48386     
          72   6324.3599999999997        3378.3339999999998        67874442012.750900        130994196944.48386     
          72   6326.2801255908635        3378.5425891828922        67901139091.645088        131035865407.38544     
          72   6329.9200000000001        3378.9380000000001        67951838879.344719        131114683102.20508     
          72   6333.5598744091367        3379.3334108171080        68002640009.966072        131193311815.22702     
          72   6335.4799999999996        3379.5419999999999        68029472212.755905        131234728302.39822     
          73   6335.4799999999996        3379.5419999999999        68029472212.755905        131234728302.39822     
          73   6337.4001255908634        3379.7505891828923        68056323216.878456        131276109729.30473     
          73   6341.0400000000000        3380.1460000000002        68107263190.711983        131354479530.90593     
          73   6344.6798744091366        3380.5414108171076        68158236945.519409        131432786338.57452     
          73   6346.6000000000004        3380.7500000000005        68185132990.940514        131474083773.57092     
          74   6346.6000000000004        2900.0000000000000        44108999999.999985        75284000000.000000     
          74   6346.9246255495354        2900.0000000000005        44108999999.999985        75284000000.000000     
          74   6347.5400000000009        2900.0000000000000        44108999999.999977        75283999999.999985     
          74   6348.1553744504654        2900.0000000000000        44108999999.999985        75284000000.000000     
          74   6348.4799999999996        2900.0000000000000        44108999999.999985        75284000000.000000     
          75   6348.4799999999996        2900.0000000000000        44108999999.999985        75284000000.000000     
          75   6348.8046255495346        2900.0000000000000        44108999999.999985        75284000000.000000     
          75   6349.4199999999992        2900.0000000000000        44108999999.999985        75284000000.000000     
          75   6350.0353744504646        2900.0000000000000        44108999999.999985        75284000000.000000     
          75   6350.3599999999997        2900.0000000000000        44108999999.999985        75284000000.000000     
          76   6350.3599999999997        2900.0000000000000        44108999999.999985        75284000000.000000     
          76   6350.6846255495357        2900.0000000000000        44108999999.999985        75284000000.000000     
          76   6351.3000000000002        2900.0000000000000        44108999999.999985        75284000000.000000     
          76   6351.9153744504656        2900.0000000000000        44108999999.999985        75284000000.000000     
          76   6352.2399999999998        2900.0000000000000        44108999999.999985        75284000000.000000     
          77   6352.2399999999998        2900.0000000000000        44108999999.999985        75284000000.000000     
          77   6352.5646255495340        2900.0000000000000        44108999999.999985        75284000000.000000     
          77   6353.1800000000003        2900.0000000000000        44108999999.999985        75284000000.000000     
          77   6353.7953744504648        2900.0000000000000        44108999999.999977        75284000000.000000     
          77   6354.1199999999999        2900.0000000000000        44108999999.999985        75284000000.000000     
          78   6354.1199999999999        2900.0000000000000        44108999999.999985        75284000000.000000     
          78   6354.4446255495350        2900.0000000000000        44108999999.999985        75284000000.000000     
          78   6355.0600000000013        2900.0000000000000        44108999999.999977        75284000000.000000     
          78   6355.6753744504658        2900.0000000000005        44108999999.999985        75284000000.000000     
          78   6356.0000000000000        2900.0000000000000        44108999999.999985        75284000000.000000     
          79   6356.0000000000000        2600.0000000000000        26623999999.999996        51965333333.333344     
          79   6356.4144155951508        2600.0000000000000        26623999999.999996        51965333333.333344     
          79   6357.1999999999998        2600.0000000000000        26623999999.999996        51965333333.333336     
          79   6357.9855844048507        2600.0000000000005        26624000000.000000        51965333333.333351     
          79   6358.3999999999996        2600.0000000000000        26623999999.999996        51965333333.333336     
          80   6358.3999999999996        2600.0000000000000        26623999999.999996        51965333333.333336     
          80   6358.8144155951504        2600.0000000000000        26623999999.999996        51965333333.333336     
          80   6359.6000000000013        2600.0000000000005        26624000000.000000        51965333333.333351     
          80   6360.3855844048503        2600.0000000000000        26624000000.000000        51965333333.333344     
          80   6360.8000000000002        2600.0000000000005        26623999999.999996        51965333333.333344     
          81   6360.8000000000002        2600.0000000000005        26623999999.999996        51965333333.333344     
          81   6361.2144155951510        2600.0000000000005        26624000000.000000        51965333333.333351     
          81   6362.0000000000000        2600.0000000000000        26623999999.999996        51965333333.333344     
          81   6362.7855844048499        2600.0000000000005        26624000000.000000        51965333333.333351     
          81   6363.2000000000007        2600.0000000000000        26624000000.000000        51965333333.333344     
          82   6363.1999999999998        2600.0000000000005        26623999999.999996        51965333333.333344     
          82   6363.6144155951506        2600.0000000000000        26624000000.000000        51965333333.333344     
          82   6364.3999999999996        2600.0000000000005        26624000000.000000        51965333333.333351     
          82   6365.1855844048496        2600.0000000000000        26623999999.999996        51965333333.333336     
          82   6365.6000000000004        2600.0000000000000        26623999999.999996        51965333333.333336     
          83   6365.6000000000004        2600.0000000000000        26623999999.999996        51965333333.333336     
          83   6366.0144155951502        2600.0000000000005        26624000000.000000        51965333333.333351     
          83   6366.8000000000011        2600.0000000000000        26623999999.999996        51965333333.333336     
          83   6367.5855844048501        2600.0000000000000        26623999999.999996        51965333333.333344     
          83   6368.0000000000000        2600.0000000000000        26623999999.999996        51965333333.333344     
          84   6368.0000000000000        2600.0000000000000        26623999999.999996        51965333333.333344     
          84   6368.1036038987877        2600.0000000000000        26623999999.999992        51965333333.333344     
          84   6368.3000000000011        2600.0000000000000        26623999999.999996        51965333333.333344     
          84   6368.4963961012127        2600.0000000000000        26623999999.999996        51965333333.333344     
          84   6368.6000000000013        2600.0000000000000        26623999999.999992        51965333333.333336     
          85   6368.6000000000013        2600.0000000000000        26623999999.999992        51965333333.333336     
          85   6368.7036038987890        2600.0000000000000        26623999999.999996        51965333333.333344     
          85   6368.8999999999996        2600.0000000000000        26623999999.999996        51965333333.333344     
          85   6369.0963961012130        2600.0000000000005        26623999999.999996        51965333333.333344     
          85   6369.2000000000007        2600.0000000000000        26623999999.999992        51965333333.333336     
          86   6369.1999999999998        2600.0000000000000        26623999999.999996        51965333333.333344     
          86   6369.3036038987875        2600.0000000000000        26623999999.999996        51965333333.333344     
          86   6369.5000000000000        2600.0000000000000        26623999999.999996        51965333333.333344     
          86   6369.6963961012125        2600.0000000000000        26623999999.999996        51965333333.333344     
          86   6369.8000000000002        2600.0000000000000        26623999999.999996        51965333333.333344     
          87   6369.8000000000002        2600.0000000000000        26623999999.999996        51965333333.333344     
          87   6369.9036038987879        2600.0000000000000        26623999999.999996        51965333333.333344     
          87   6370.1000000000013        2600.0000000000005        26623999999.999996        51965333333.333344     
          87   6370.2963961012119        2600.0000000000000        26623999999.999996        51965333333.333344     
          87   6370.4000000000005        2600.0000000000000        26624000000.000000        51965333333.333344     
          88   6370.3999999999996        2600.0000000000000        26623999999.999992        51965333333.333336     
          88   6370.5036038987882        2600.0000000000000        26623999999.999996        51965333333.333344     
          88   6370.6999999999998        2600.0000000000005        26623999999.999996        51965333333.333344     
          88   6370.8963961012123        2600.0000000000000        26623999999.999992        51965333333.333344     
          88   6371.0000000000000        2600.0000000000000        26623999999.999996        51965333333.333344     
