           1   0.0000000000000000        13088.500000000002        176076407900.34003        1425339478725.2205     
           2   135.72222222222223        13084.486797325719        175828653837.79449        1424309178583.8435     
           3   271.44444444444446        13072.457902118027        175086981090.19031        1421224163295.3167     
           4   407.16666666666663        13052.400059138250        173855349878.54865        1416089910468.2388     
           5   542.88888888888891        13024.323933789949        172141407072.27853        1408917660089.7974     
           6   678.61111111111097        12988.227188712430        169953356982.14420        1399729860428.5696     
           7   814.33333333333326        12944.109881826744        167303023973.12857        1388549873862.3308     
           8   950.05555555555543        12891.964719979518        164205343841.64816        1375401836165.6541     
           9   1085.7777777777778        12831.801156846472        160677924397.40573        1360326275845.1633     
          10   1221.5000000000000        12166.330000000000        0.0000000000000000        1304728625625.1714     
          11   1354.3529411764705        12095.125756219553        0.0000000000000000        1277523141718.0527     
          12   1487.2058823529412        12017.675323790027        0.0000000000000000        1249226531146.0083     
          13   1620.0588235294117        11933.704542688520        0.0000000000000000        1219695303739.1365     
          14   1752.9117647058824        11842.891907606561        0.0000000000000000        1188797763977.2700     
          15   1885.7647058823529        11744.934973674544        0.0000000000000000        1156422118083.2520     
          16   2018.6176470588234        11639.551996307515        0.0000000000000000        1122479809992.3872     
          17   2151.4705882352941        11526.425511761523        0.0000000000000000        1086898530490.0182     
          18   2284.3235294117649        11405.257611171666        0.0000000000000000        1049628597056.0320     
          19   2417.1764705882351        11275.762189382520        0.0000000000000000        1010653188530.4176     
          20   2550.0294117647059        11137.615722077209        0.0000000000000000        969971397882.05188     
          21   2682.8823529411766        10990.537629476104        0.0000000000000000        927618078434.10071     
          22   2815.7352941176468        10834.206979686011        0.0000000000000000        883653125413.10742     
          23   2948.5882352941176        10668.341469623554        0.0000000000000000        838173890521.33630     
          24   3081.4411764705883        10492.630482212258        0.0000000000000000        791303954524.16357     
          25   3214.2941176470590        10306.780135680885        0.0000000000000000        743204181506.57544     
          26   3347.1470588235293        10110.479933965016        0.0000000000000000        694069030043.56360     
          27   3480.0000000000000        5566.4599999999991        293770703703.06128        655611042474.47205     
          28   3630.0000000000000        5491.4799999999996        289915760552.67303        641197504012.10913     
          29   3761.3333333333335        5426.0723889419296        281776253386.85449        616575044099.63025     
          30   3892.6666666666670        5360.7351495929224        273858162854.07159        593018694959.89514     
          31   4024.0000000000005        5295.2987228150150        266110895391.44962        570322406632.79858     
          32   4155.3333333333339        5229.5917599905570        258487576545.01712        548298505754.26587     
          33   4286.6666666666670        5163.4642794636402        250944844609.43231        526778148192.33362     
          34   4418.0000000000000        5096.7449178837851        243442952370.09396        505606274844.81000     
          35   4549.3333333333339        5029.2854185487040        235946815365.91962        484645907057.83429     
          36   4680.6666666666670        4960.9091343082546        228422060791.31952        463772281727.06396     
          37   4812.0000000000000        4891.4627831577118        220840832616.36130        442880409051.95709     
          38   4943.3333333333339        4820.7898012111336        213177701623.62048        421882367173.47369     
          39   5074.6666666666670        4748.7096000888541        205411323699.90860        400702120421.67877     
          40   5206.0000000000000        4675.0768823876142        197524195858.82138        379285675933.02643     
          41   5337.3333333333330        4599.7228340484844        189502919067.80032        357597876865.60175     
          42   5468.6666666666670        4522.4837633936540        181339554075.97360        335618779694.71417     
          43   5600.0000000000000        4443.1999999999998        173037489229.07715        313342094623.71594     
          44   5701.0000000000000        3992.1199999999994        123864463129.58049        255593861707.31772     
          45   5715.0000000000000        3988.8632035949531        123282607808.39009        254253690954.82602     
          46   5729.0000000000000        3985.6022659358437        122701684845.60342        252916375069.31436     
          47   5743.0000000000000        3982.3377340641568        122122505243.86655        251583815945.88025     
          48   5757.0000000000000        3979.0767964050478        121545585859.72534        250256267303.11392     
          49   5771.0000000000000        3975.8200000000002        120966246862.16473        248942783166.77780     
          50   5811.0000000000000        3925.4057671184682        114430987688.43295        236282777713.80069     
          51   5851.0000000000000        3874.9916830055686        108133108254.07736        224058329487.96448     
          52   5891.0000000000000        3824.5783169944311        102063386814.38815        212250770245.00391     
          53   5931.0000000000000        3774.1642328815328        96217959004.359909        200854524450.47818     
          54   5971.0000000000000        3543.2600000000002        80616060219.392609        173504128543.61237     
          55   6007.0000000000000        3521.7661661538459        79282519598.127747        169250012319.76105     
          56   6043.0000000000000        3500.2658430769225        77963830400.105942        165062993017.68805     
          57   6079.0000000000000        3478.7678430769220        76659730350.131241        160941953391.07657     
          58   6115.0000000000000        3457.2721661538462        75370138845.508804        156885578290.86716     
          59   6151.0000000000000        3359.4900000000002        65598563263.837906        126984383819.25854     
          60   6171.0000000000000        3361.6848873399881        65850865787.412079        127476037800.17978     
          61   6191.0000000000000        3363.7656138860466        66091741920.574486        127937046468.16451     
          62   6211.0000000000000        3366.0987685594582        66366973286.229095        128444508965.32927     
          63   6231.0000000000000        3368.3868740949547        66640757705.986618        128937123043.50014     
          64   6251.0000000000000        3371.6599999999994        67039004899.944023        129629556986.82692     
          65   6259.0000000000000        3371.5873809523800        67030025102.269890        129614548508.10880     
          66   6267.0000000000000        3371.8529591836732        67062865505.192429        129669436658.84933     
          67   6275.0000000000000        3372.5563265306118        67149841259.807602        129814804495.57603     
          68   6283.0000000000000        3373.5584693877549        67273762467.710640        130021921501.88583     
          69   6291.0000000000000        3374.7100000000000        67416156402.257629        130259913092.98715     
          70   6302.1199999999999        3375.9179999999997        67568086259.546181        130506225894.04796     
          71   6313.2399999999998        3377.1260000000002        67720646695.014328        130751362808.36710     
          72   6324.3599999999997        3378.3339999999998        67874442012.750900        130994196944.48386     
          73   6335.4799999999996        3379.5419999999999        68029472212.755905        131234728302.39822     
          74   6346.6000000000004        2900.0000000000000        44108999999.999985        75284000000.000000     
          75   6348.4799999999996        2900.0000000000000        44108999999.999985        75284000000.000000     
          76   6350.3599999999997        2900.0000000000000        44108999999.999985        75284000000.000000     
          77   6352.2399999999998        2900.0000000000000        44108999999.999985        75284000000.000000     
          78   6354.1199999999999        2900.0000000000000        44108999999.999985        75284000000.000000     
          79   6356.0000000000000        2600.0000000000000        26623999999.999996        51965333333.333344     
          80   6358.3999999999996        2600.0000000000000        26623999999.999996        51965333333.333336     
          81   6360.8000000000002        2600.0000000000005        26623999999.999996        51965333333.333344     
          82   6363.1999999999998        2600.0000000000005        26623999999.999996        51965333333.333344     
          83   6365.6000000000004        2600.0000000000000        26623999999.999996        51965333333.333336     
          84   6368.0000000000000        2600.0000000000000        26623999999.999996        51965333333.333344     
          85   6368.6000000000013        2600.0000000000000        26623999999.999992        51965333333.333336     
          86   6369.1999999999998        2600.0000000000000        26623999999.999996        51965333333.333344     
          87   6369.8000000000002        2600.0000000000000        26623999999.999996        51965333333.333344     
          88   6370.3999999999996        2600.0000000000000        26623999999.999992        51965333333.333336     
